00:07:03.123  213  [main] DEBUG c.a.automation.infra.TestFactory - Init test framework
00:07:03.135  225  [main] DEBUG c.a.automation.infra.TestFactory - jvm = 64
00:07:03.135  225  [main] DEBUG c.a.automation.infra.TestFactory - java version = 1.8.0_161
00:07:03.136  226  [main] DEBUG c.a.automation.infra.TestFactory - Infra version = 2.2.6-SNAPSHOT
00:07:03.136  226  [main] DEBUG c.a.automation.infra.TestFactory - TestSuite file name: SelfDevelopment
00:07:03.138  228  [main] DEBUG c.a.automation.infra.TestFactory - TestSuite init completed
00:07:03.280  370  [main] DEBUG c.a.automation.infra.TestFactory - Before suite
00:07:03.280  370  [main] DEBUG c.a.automation.infra.TestFactory - Running suite: SelfDevelopment
00:07:03.281  371  [main] DEBUG c.a.automation.infra.TestFactory - ++++++++++++++++++++++++++ USING LATEST VERSION ***************************
00:07:03.285  375  [main] DEBUG c.a.automation.infra.TestFactory - ++++++++++++++++++++++++++ USING LATEST VERSION ***************************
00:07:03.291  381  [main] DEBUG c.a.automation.infra.Environment - Initializing variables
00:07:03.291  381  [main] DEBUG c.a.automation.infra.Environment - user dir=C:\Users\develeap\Work\Actimize\AAF\code\EF
00:07:03.291  381  [main] DEBUG c.a.automation.infra.Environment - Variables initialized
00:07:03.346  436  [main] DEBUG c.a.automation.infra.Environment - name
00:07:03.347  437  [main] DEBUG c.a.automation.infra.Environment - name
00:07:03.347  437  [main] DEBUG c.a.automation.infra.Environment - name
00:07:03.348  438  [main] DEBUG c.a.automation.infra.Environment - name
00:07:03.351  441  [main] DEBUG c.a.automation.infra.Environment - name
jeckie3:| || |_ / /  __) |
00:07:03.352  442  [main] DEBUG c.a.automation.infra.Environment - name
00:07:03.353  443  [main] DEBUG c.a.automation.infra.Environment - name
00:07:03.353  443  [main] DEBUG c.a.automation.infra.Environment - name
00:07:03.356  446  [main] DEBUG c.a.automation.infra.Environment - initReporterParameters 
00:07:03.356  446  [main] DEBUG c.a.automation.infra.Environment - ++++++++++++++initExecutionFolderVariables++++++++++++
00:07:03.361  451  [TestNG] DEBUG c.a.automation.infra.TestFactory - before test
00:07:03.361  451  [TestNG] DEBUG c.a.automation.infra.TestFactory - Running Test suit= SelfDevelopment
00:07:03.362  452  [TestNG] DEBUG c.a.automation.infra.Environment - initReporterParameters 
00:07:03.362  452  [TestNG] DEBUG c.a.automation.infra.Environment - ++++++++++++++initExecutionFolderVariables++++++++++++
00:07:03.378  468  [TestNG] DEBUG c.a.a.infra.utils.ResourceManager - saving jarFilePath to the ResourceManager cache: img/logo.png --> C:\Users\develeap\Work\Actimize\AAF\code\EF\output\logo.png
00:07:03.406  496  [TestNG] DEBUG c.a.a.i.impl.MyMethodInterceptor - com.actimize.automation.infra.actimizeTests.DSAdvancedDBUtil
00:07:03.419  509  [TestNG] DEBUG c.a.a.infra.KeepRefererService - Loading keep refer information into dictionary
00:07:03.474  564  [TestNG] DEBUG c.a.a.infra.KeepRefererService - Loading keep refer information into dictionary completed
00:07:03.497  587  [TestNG] DEBUG c.a.a.infra.utils.ResourceManager - saving jarFilePath to the ResourceManager cache: database/SqlData.xsd --> C:\Users\develeap\Work\Actimize\AAF\code\EF\output\SqlData.xsd
00:07:03.502  592  [TestNG] DEBUG c.a.a.infra.utils.ResourceManager - saving jarFilePath to the ResourceManager cache: testData/sqlData/SqlData.xml --> C:\Users\develeap\Work\Actimize\AAF\code\EF\output\SqlData.xml
00:07:03.643  733  [TestNG] WARN  c.a.a.infra.database.FileDbQuery - No elements of type scriptName found on Xpath: //group[@name='Check Employee Fraud Results']//pk[@name='ACM_ITEMS']/scriptName
00:07:37.767  184  [main] DEBUG c.a.automation.infra.TestFactory - Init test framework
00:07:37.770  187  [main] DEBUG c.a.automation.infra.TestFactory - jvm = 64
00:07:37.771  188  [main] DEBUG c.a.automation.infra.TestFactory - java version = 1.8.0_161
00:07:37.771  188  [main] DEBUG c.a.automation.infra.TestFactory - Infra version = 2.2.6-SNAPSHOT
00:07:37.771  188  [main] DEBUG c.a.automation.infra.TestFactory - TestSuite file name: SelfDevelopment
00:07:37.773  190  [main] DEBUG c.a.automation.infra.TestFactory - TestSuite init completed
00:07:37.898  315  [main] DEBUG c.a.automation.infra.TestFactory - Before suite
00:07:37.898  315  [main] DEBUG c.a.automation.infra.TestFactory - Running suite: SelfDevelopment
00:07:37.898  315  [main] DEBUG c.a.automation.infra.TestFactory - ++++++++++++++++++++++++++ USING LATEST VERSION ***************************
00:07:37.898  315  [main] DEBUG c.a.automation.infra.TestFactory - ++++++++++++++++++++++++++ USING LATEST VERSION ***************************
00:07:37.904  321  [main] DEBUG c.a.automation.infra.Environment - Initializing variables
00:07:37.904  321  [main] DEBUG c.a.automation.infra.Environment - user dir=C:\Users\develeap\Work\Actimize\AAF\code\EF
00:07:37.904  321  [main] DEBUG c.a.automation.infra.Environment - Variables initialized
00:07:37.953  370  [main] DEBUG c.a.automation.infra.Environment - name
00:07:37.957  374  [main] DEBUG c.a.automation.infra.Environment - name
00:07:37.957  374  [main] DEBUG c.a.automation.infra.Environment - name
00:07:37.958  375  [main] DEBUG c.a.automation.infra.Environment - name
00:07:37.961  378  [main] DEBUG c.a.automation.infra.Environment - name
00:07:37.961  378  [main] DEBUG c.a.automation.infra.Environment - name
00:07:37.962  379  [main] DEBUG c.a.automation.infra.Environment - name
00:07:37.962  379  [main] DEBUG c.a.automation.infra.Environment - name
00:07:37.965  382  [main] DEBUG c.a.automation.infra.Environment - initReporterParameters 
00:07:37.966  383  [main] DEBUG c.a.automation.infra.Environment - ++++++++++++++initExecutionFolderVariables++++++++++++
00:07:37.970  387  [TestNG] DEBUG c.a.automation.infra.TestFactory - before test
00:07:37.971  388  [TestNG] DEBUG c.a.automation.infra.TestFactory - Running Test suit= SelfDevelopment
00:07:37.972  389  [TestNG] DEBUG c.a.automation.infra.Environment - initReporterParameters 
00:07:37.972  389  [TestNG] DEBUG c.a.automation.infra.Environment - ++++++++++++++initExecutionFolderVariables++++++++++++
00:07:37.989  406  [TestNG] DEBUG c.a.a.infra.utils.ResourceManager - saving jarFilePath to the ResourceManager cache: img/logo.png --> C:\Users\develeap\Work\Actimize\AAF\code\EF\output\logo.png
00:07:38.020  437  [TestNG] DEBUG c.a.a.i.impl.MyMethodInterceptor - com.actimize.automation.infra.actimizeTests.DSAdvancedDBUtil
00:07:38.032  449  [TestNG] DEBUG c.a.a.infra.KeepRefererService - Loading keep refer information into dictionary
00:07:38.090  507  [TestNG] DEBUG c.a.a.infra.KeepRefererService - Loading keep refer information into dictionary completed
00:07:38.108  525  [TestNG] DEBUG c.a.a.infra.utils.ResourceManager - saving jarFilePath to the ResourceManager cache: database/SqlData.xsd --> C:\Users\develeap\Work\Actimize\AAF\code\EF\output\SqlData.xsd
00:07:38.112  529  [TestNG] DEBUG c.a.a.infra.utils.ResourceManager - saving jarFilePath to the ResourceManager cache: testData/sqlData/SqlData.xml --> C:\Users\develeap\Work\Actimize\AAF\code\EF\output\SqlData.xml
00:07:38.227  644  [TestNG] DEBUG c.a.a.i.l.DataSourceReporterListener - onTestFailure start: 1. Check Employee Fraud Results
00:07:38.229  646  [TestNG] ERROR c.a.a.i.l.DataSourceReporterListener - There was error during running test: Check Employee Fraud Results

com.actimize.automation.infra.exceptions.DbQueryFailedException: Db type: blalala in PK: ACM_ITEMS, doesnt exist in the system
	at com.actimize.automation.infra.database.FileDbQuery.getStatement(FileDbQuery.java:190)
	at com.actimize.automation.infra.database.AdvancedDbUtil.executeAndCompare(AdvancedDbUtil.java:149)
	at com.actimize.automation.infra.database.AdvancedDbUtil.executeAndCompareGroup(AdvancedDbUtil.java:95)
	at com.actimize.automation.infra.actimizeTests.DSAdvancedDBUtil.executeAndCompare(DSAdvancedDBUtil.java:27)
	at sun.reflect.NativeMethodAccessorImpl.invoke0(Native Method)
	at sun.reflect.NativeMethodAccessorImpl.invoke(NativeMethodAccessorImpl.java:62)
	at sun.reflect.DelegatingMethodAccessorImpl.invoke(DelegatingMethodAccessorImpl.java:43)
	at java.lang.reflect.Method.invoke(Method.java:498)
	at org.testng.internal.MethodInvocationHelper.invokeMethod(MethodInvocationHelper.java:104)
	at org.testng.internal.Invoker.invokeMethod(Invoker.java:645)

	at org.testng.internal.Invoker.invokeTestMethod(Invoker.java:851)
	at org.testng.internal.Invoker.invokeTestMethods(Invoker.java:1177)
	at org.testng.internal.TestMethodWorker.invokeTestMethods(TestMethodWorker.java:129)
	at org.testng.internal.TestMethodWorker.run(TestMethodWorker.java:112)
	at org.testng.TestRunner.privateRun(TestRunner.java:756)
	at org.testng.TestRunner.run(TestRunner.java:610)
	at org.testng.SuiteRunner.runTest(SuiteRunner.java:387)
	at org.testng.SuiteRunner.access$000(SuiteRunner.java:39)
	at org.testng.SuiteRunner$SuiteWorker.run(SuiteRunner.java:421)
	at org.testng.internal.thread.ThreadUtil$2.call(ThreadUtil.java:64)
	at java.util.concurrent.FutureTask.run(FutureTask.java:266)
	at java.util.concurrent.ThreadPoolExecutor.runWorker(ThreadPoolExecutor.java:1149)
	at java.util.concurrent.ThreadPoolExecutor$Worker.run(ThreadPoolExecutor.java:624)
	at java.lang.Thread.run(Thread.java:748)
Caused by: com.actimize.automation.infra.exceptions.DatabaseException: Db type: blalala in PK: ACM_ITEMS, doesnt exist in the system
	at com.actimize.automation.infra.database.InputDataImpl.getDbType(InputDataImpl.java:50)
	at com.actimize.automation.infra.database.FileDbQuery.getStatement(FileDbQuery.java:163)
	... 23 common frames omitted
00:07:38.233  650  [TestNG] ERROR c.a.automation.infra.Reporting - Test failed due to: There was exception during running test: Db type: blalala in PK: ACM_ITEMS, doesnt exist in the system Expected: "" Obtained: "Db type: blalala in PK: ACM_ITEMS, doesnt exist in the system: com.actimize.automation.infra.exceptions.DbQueryFailedException: Db type: blalala in PK: ACM_ITEMS, doesnt exist in the system
	at com.actimize.automation.infra.database.FileDbQuery.getStatement(FileDbQuery.java:190)
	at com.actimize.automation.infra.database.AdvancedDbUtil.executeAndCompare(AdvancedDbUtil.java:149)
	at com.actimize.automation.infra.database.AdvancedDbUtil.executeAndCompareGroup(AdvancedDbUtil.java:95)
	at com.actimize.automation.infra.actimizeTests.DSAdvancedDBUtil.executeAndCompare(DSAdvancedDBUtil.java:27)
	at sun.reflect.NativeMethodAccessorImpl.invoke0(Native Method)
	at sun.reflect.NativeMethodAccessorImpl.invoke(NativeMethodAccessorImpl.java:62)
	at sun.reflect.DelegatingMethodAccessorImpl.invoke(DelegatingMethodAccessorImpl.java:43)
	at java.lang.reflect.Method.invoke(Method.java:498)
	at org.testng.internal.MethodInvocationHelper.invokeMethod(MethodInvocationHelper.java:104)
	at org.testng.internal.Invoker.invokeMethod(Invoker.java:645)
	at org.testng.internal.Invoker.invokeTestMethod(Invoker.java:851)
	at org.testng.internal.Invoker.invokeTestMethods(Invoker.java:1177)
	at org.testng.internal.TestMethodWorker.invokeTestMethods(TestMethodWorker.java:129)
	at org.testng.internal.TestMethodWorker.run(TestMethodWorker.java:112)
	at org.testng.TestRunner.privateRun(TestRunner.java:756)
	at org.testng.TestRunner.run(TestRunner.java:610)
	at org.testng.SuiteRunner.runTest(SuiteRunner.java:387)
	at org.testng.SuiteRunner.access$000(SuiteRunner.java:39)
	at org.testng.SuiteRunner$SuiteWorker.run(SuiteRunner.java:421)
	at org.testng.internal.thread.ThreadUtil$2.call(ThreadUtil.java:64)
	at java.util.concurrent.FutureTask.run(FutureTask.java:266)
	at java.util.concurrent.ThreadPoolExecutor.runWorker(ThreadPoolExecutor.java:1149)
	at java.util.concurrent.ThreadPoolExecutor$Worker.run(ThreadPoolExecutor.java:624)
	at java.lang.Thread.run(Thread.java:748)
Caused by: com.actimize.automation.infra.exceptions.DatabaseException: Db type: blalala in PK: ACM_ITEMS, doesnt exist in the system
	at com.actimize.automation.infra.database.InputDataImpl.getDbType(InputDataImpl.java:50)
	at com.actimize.automation.infra.database.FileDbQuery.getStatement(FileDbQuery.java:163)
	... 23 more
" Result: "FAIL"
00:07:38.388  805  [TestNG] ERROR c.a.automation.infra.Reporting - html:C:\Users\develeap\Work\Actimize\AAF\code\EF\output\execution\SelfDevelopment\develeap\HTML_Reports2018-08-02T00.07.37\1.html!{"expected":"","observed":"Db type: blalala in PK: ACM_ITEMS, doesnt exist in the system: com.actimize.automation.infra.exceptions.DbQueryFailedException: Db type: blalala in PK: ACM_ITEMS, doesnt exist in the system\r\n\tat com.actimize.automation.infra.database.FileDbQuery.getStatement(FileDbQuery.java:190)\r\n\tat com.actimize.automation.infra.database.AdvancedDbUtil.executeAndCompare(AdvancedDbUtil.java:149)\r\n\tat com.actimize.automation.infra.database.AdvancedDbUtil.executeAndCompareGroup(AdvancedDbUtil.java:95)\r\n\tat com.actimize.automation.infra.actimizeTests.DSAdvancedDBUtil.executeAndCompare(DSAdvancedDBUtil.java:27)\r\n\tat sun.reflect.NativeMethodAccessorImpl.invoke0(Native Method)\r\n\tat sun.reflect.NativeMethodAccessorImpl.invoke(NativeMethodAccessorImpl.java:62)\r\n\tat sun.reflect.DelegatingMethodAccessorImpl.invoke(DelegatingMethodAccessorImpl.java:43)\r\n\tat java.lang.reflect.Method.invoke(Method.java:498)\r\n\tat org.testng.internal.MethodInvocationHelper.invokeMethod(MethodInvocationHelper.java:104)\r\n\tat org.testng.internal.Invoker.invokeMethod(Invoker.java:645)\r\n\tat org.testng.internal.Invoker.invokeTestMethod(Invoker.java:851)\r\n\tat org.testng.internal.Invoker.invokeTestMethods(Invoker.java:1177)\r\n\tat org.testng.internal.TestMethodWorker.invokeTestMethods(TestMethodWorker.java:129)\r\n\tat org.testng.internal.TestMethodWorker.run(TestMethodWorker.java:112)\r\n\tat org.testng.TestRunner.privateRun(TestRunner.java:756)\r\n\tat org.testng.TestRunner.run(TestRunner.java:610)\r\n\tat org.testng.SuiteRunner.runTest(SuiteRunner.java:387)\r\n\tat org.testng.SuiteRunner.access$000(SuiteRunner.java:39)\r\n\tat org.testng.SuiteRunner$SuiteWorker.run(SuiteRunner.java:421)\r\n\tat org.testng.internal.thread.ThreadUtil$2.call(ThreadUtil.java:64)\r\n\tat java.util.concurrent.FutureTask.run(FutureTask.java:266)\r\n\tat java.util.concurrent.ThreadPoolExecutor.runWorker(ThreadPoolExecutor.java:1149)\r\n\tat java.util.concurrent.ThreadPoolExecutor$Worker.run(ThreadPoolExecutor.java:624)\r\n\tat java.lang.Thread.run(Thread.java:748)\r\nCaused by: com.actimize.automation.infra.exceptions.DatabaseException: Db type: blalala in PK: ACM_ITEMS, doesnt exist in the system\r\n\tat com.actimize.automation.infra.database.InputDataImpl.getDbType(InputDataImpl.java:50)\r\n\tat com.actimize.automation.infra.database.FileDbQuery.getStatement(FileDbQuery.java:163)\r\n\t... 23 more\r\n","message":"There was exception during running test: Db type: blalala in PK: ACM_ITEMS, doesnt exist in the system","takeScreenShot":false,"logger":"C:\\Users\\develeap\\Work\\Actimize\\AAF\\code\\EF\\output\\execution\\SelfDevelopment\\develeap\\HTML_Reports2018-08-02T00.07.37\\1.html","attachedLog":""}
00:07:38.430  847  [TestNG] DEBUG c.a.a.i.l.DataSourceReporterListener - onTestFailure end: 1. Check Employee Fraud Results
00:07:38.430  847  [TestNG] DEBUG c.a.a.i.actimizeTests.ActimizeTest - AfterMethod begin - Check Employee Fraud Results
00:07:38.431  848  [TestNG] DEBUG c.a.a.i.actimizeTests.ActimizeTest - AfterMethod end - null
00:07:38.433  850  [TestNG] DEBUG c.a.a.infra.reporter.BasicReporter - Total time passed: 0d 0h 0m 0s
00:07:38.448  865  [TestNG] DEBUG org.zeroturnaround.zip.ZipUtil - Compressing 'C:\Users\develeap\Work\Actimize\AAF\code\EF\output\execution\SelfDevelopment\develeap\HTML_Reports2018-08-02T00.07.37' into 'C:\Users\develeap\Work\Actimize\AAF\code\EF\output\execution\SelfDevelopment\develeap\HTML_Reports2018-08-02T00.07.37.zip'.
